{"name": "test_multiply", "status": "failed", "statusDetails": {"message": "AssertionError: assert (6 ** 2) == 20", "trace": "def test_multiply():\n>       assert 6**2 == 20\nE       assert (6 ** 2) == 20\n\ntest_sample.py:17: AssertionError"}, "start": 1742537678989, "stop": 1742537678989, "uuid": "11bbb83f-e659-42a4-823b-b6b2e18183c2", "historyId": "6b4406d9dbf58551229f8df986e22751", "testCaseId": "6b4406d9dbf58551229f8df986e22751", "fullName": "test_sample#test_multiply", "labels": [{"name": "suite", "value": "test_sample"}, {"name": "host", "value": "ubuntu"}, {"name": "thread", "value": "16569-MainThread"}, {"name": "framework", "value": "pytest"}, {"name": "language", "value": "cpython3"}, {"name": "package", "value": "test_sample"}]}