{"name": "test_multiply", "status": "failed", "statusDetails": {"message": "AssertionError: assert (6 ** 2) == 20", "trace": "def test_multiply():\n>       assert 6**2 == 20\nE       assert (6 ** 2) == 20\n\ntest_sample.py:39: AssertionError"}, "start": 1742537634169, "stop": 1742537634169, "uuid": "2715bbf0-d341-48d8-9191-e3f82d450a6d", "historyId": "6b4406d9dbf58551229f8df986e22751", "testCaseId": "6b4406d9dbf58551229f8df986e22751", "fullName": "test_sample#test_multiply", "labels": [{"name": "suite", "value": "test_sample"}, {"name": "host", "value": "ubuntu"}, {"name": "thread", "value": "16547-MainThread"}, {"name": "framework", "value": "pytest"}, {"name": "language", "value": "cpython3"}, {"name": "package", "value": "test_sample"}]}